<?xml version="1.0" encoding="UTF-8"?>
<testng-results ignored="0" total="1" passed="1" failed="0" skipped="0">
  <reporter-output>
  </reporter-output>
  <suite started-at="2021-12-11T21:23:10 BDT" name="Default suite" finished-at="2021-12-11T21:23:28 BDT" duration-ms="18433">
    <groups>
    </groups>
    <test started-at="2021-12-11T21:23:10 BDT" name="Default test" finished-at="2021-12-11T21:23:28 BDT" duration-ms="18433">
      <class name="tests.TC_AllTest">
        <test-method is-config="true" signature="start()[pri:0, instance:tests.TC_AllTest@1a78dacd]" started-at="2021-12-11T21:23:10 BDT" name="start" finished-at="2021-12-11T21:23:18 BDT" duration-ms="8197" status="PASS">
          <reporter-output>
          </reporter-output>
        </test-method> <!-- start -->
        <test-method signature="loginTest()[pri:0, instance:tests.TC_AllTest@1a78dacd]" started-at="2021-12-11T21:23:18 BDT" name="loginTest" finished-at="2021-12-11T21:23:28 BDT" duration-ms="10175" status="PASS">
          <reporter-output>
          </reporter-output>
        </test-method> <!-- loginTest -->
      </class> <!-- tests.TC_AllTest -->
    </test> <!-- Default test -->
  </suite> <!-- Default suite -->
</testng-results>
